# JRE version: Java(TM) SE Runtime Environment (14.0.2+12) (build 14.0.2+12-46)
# Java VM: Java HotSpot(TM) 64-Bit Server VM (14.0.2+12-46, mixed mode, sharing, tiered, compressed oops, g1 gc, windows-amd64)
Heap:
 garbage-first heap   total 26624K, used 16465K [0x00000000c4a00000, 0x0000000100000000)
  region size 1024K, 8 young (8192K), 1 survivors (1024K)
 Metaspace       used 9296K, capacity 11765K, committed 11904K, reserved 1060864K
  class space    used 1091K, capacity 1378K, committed 1408K, reserved 1048576K
GC Heap History (20 events):
Event: 0.626 GC heap before
{Heap before GC invocations=4 (full 0):
 garbage-first heap   total 8192K, used 2061K [0x00000000c4a00000, 0x0000000100000000)
  region size 1024K, 2 young (2048K), 1 survivors (1024K)
 Metaspace       used 7174K, capacity 10430K, committed 10752K, reserved 1058816K
  class space    used 888K, capacity 1210K, committed 1280K, reserved 1048576K
}
Event: 0.628 GC heap after
{Heap after GC invocations=5 (full 0):
 garbage-first heap   total 10240K, used 2502K [0x00000000c4a00000, 0x0000000100000000)
  region size 1024K, 1 young (1024K), 1 survivors (1024K)
 Metaspace       used 7174K, capacity 10430K, committed 10752K, reserved 1058816K
  class space    used 888K, capacity 1210K, committed 1280K, reserved 1048576K
}
Event: 0.737 GC heap before
{Heap before GC invocations=5 (full 0):
 garbage-first heap   total 10240K, used 5574K [0x00000000c4a00000, 0x0000000100000000)
  region size 1024K, 3 young (3072K), 1 survivors (1024K)
 Metaspace       used 8093K, capacity 11142K, committed 11392K, reserved 1058816K
  class space    used 966K, capacity 1299K, committed 1408K, reserved 1048576K
}
Event: 0.741 GC heap after
{Heap after GC invocations=6 (full 0):
 garbage-first heap   total 10240K, used 4308K [0x00000000c4a00000, 0x0000000100000000)
  region size 1024K, 1 young (1024K), 1 survivors (1024K)
 Metaspace       used 8093K, capacity 11142K, committed 11392K, reserved 1058816K
  class space    used 966K, capacity 1299K, committed 1408K, reserved 1048576K
}
Event: 0.779 GC heap before
{Heap before GC invocations=6 (full 0):
 garbage-first heap   total 10240K, used 5332K [0x00000000c4a00000, 0x0000000100000000)
  region size 1024K, 2 young (2048K), 1 survivors (1024K)
 Metaspace       used 8214K, capacity 11228K, committed 11392K, reserved 1058816K
  class space    used 980K, capacity 1306K, committed 1408K, reserved 1048576K
}
Event: 0.783 GC heap after
{Heap after GC invocations=7 (full 0):
 garbage-first heap   total 10240K, used 4975K [0x00000000c4a00000, 0x0000000100000000)
  region size 1024K, 1 young (1024K), 1 survivors (1024K)
 Metaspace       used 8214K, capacity 11228K, committed 11392K, reserved 1058816K
  class space    used 980K, capacity 1306K, committed 1408K, reserved 1048576K
}
Event: 0.834 GC heap before
{Heap before GC invocations=7 (full 0):
 garbage-first heap   total 10240K, used 5999K [0x00000000c4a00000, 0x0000000100000000)
  region size 1024K, 2 young (2048K), 1 survivors (1024K)
 Metaspace       used 8602K, capacity 11432K, committed 11648K, reserved 1058816K
  class space    used 1030K, capacity 1353K, committed 1408K, reserved 1048576K
}
Event: 0.839 GC heap after
{Heap after GC invocations=8 (full 0):
 garbage-first heap   total 10240K, used 5512K [0x00000000c4a00000, 0x0000000100000000)
  region size 1024K, 1 young (1024K), 1 survivors (1024K)
 Metaspace       used 8602K, capacity 11432K, committed 11648K, reserved 1058816K
  class space    used 1030K, capacity 1353K, committed 1408K, reserved 1048576K
}
Event: 0.884 GC heap before
{Heap before GC invocations=9 (full 0):
 garbage-first heap   total 12288K, used 6536K [0x00000000c4a00000, 0x0000000100000000)
  region size 1024K, 2 young (2048K), 1 survivors (1024K)
 Metaspace       used 8801K, capacity 11496K, committed 11648K, reserved 1058816K
  class space    used 1054K, capacity 1353K, committed 1408K, reserved 1048576K
}
Event: 0.887 GC heap after
{Heap after GC invocations=10 (full 0):
 garbage-first heap   total 17408K, used 5954K [0x00000000c4a00000, 0x0000000100000000)
  region size 1024K, 1 young (1024K), 1 survivors (1024K)
 Metaspace       used 8801K, capacity 11496K, committed 11648K, reserved 1058816K
  class space    used 1054K, capacity 1353K, committed 1408K, reserved 1048576K
}
Event: 0.953 GC heap before
{Heap before GC invocations=10 (full 0):
 garbage-first heap   total 17408K, used 9026K [0x00000000c4a00000, 0x0000000100000000)
  region size 1024K, 4 young (4096K), 1 survivors (1024K)
 Metaspace       used 8836K, capacity 11496K, committed 11648K, reserved 1058816K
  class space    used 1054K, capacity 1353K, committed 1408K, reserved 1048576K
}
Event: 0.958 GC heap after
{Heap after GC invocations=11 (full 0):
 garbage-first heap   total 17408K, used 8715K [0x00000000c4a00000, 0x0000000100000000)
  region size 1024K, 1 young (1024K), 1 survivors (1024K)
 Metaspace       used 8836K, capacity 11496K, committed 11648K, reserved 1058816K
  class space    used 1054K, capacity 1353K, committed 1408K, reserved 1048576K
}
Event: 0.983 GC heap before
{Heap before GC invocations=11 (full 0):
 garbage-first heap   total 17408K, used 10763K [0x00000000c4a00000, 0x0000000100000000)
  region size 1024K, 3 young (3072K), 1 survivors (1024K)
 Metaspace       used 8848K, capacity 11496K, committed 11648K, reserved 1058816K
  class space    used 1054K, capacity 1353K, committed 1408K, reserved 1048576K
}
Event: 0.986 GC heap after
{Heap after GC invocations=12 (full 0):
 garbage-first heap   total 17408K, used 8880K [0x00000000c4a00000, 0x0000000100000000)
  region size 1024K, 1 young (1024K), 1 survivors (1024K)
 Metaspace       used 8848K, capacity 11496K, committed 11648K, reserved 1058816K
  class space    used 1054K, capacity 1353K, committed 1408K, reserved 1048576K
}
Event: 1.015 GC heap before
{Heap before GC invocations=12 (full 0):
 garbage-first heap   total 20480K, used 10928K [0x00000000c4a00000, 0x0000000100000000)
  region size 1024K, 3 young (3072K), 1 survivors (1024K)
 Metaspace       used 8858K, capacity 11496K, committed 11648K, reserved 1058816K
  class space    used 1055K, capacity 1353K, committed 1408K, reserved 1048576K
}
Event: 1.016 GC heap after
{Heap after GC invocations=13 (full 0):
 garbage-first heap   total 20480K, used 8868K [0x00000000c4a00000, 0x0000000100000000)
  region size 1024K, 1 young (1024K), 1 survivors (1024K)
 Metaspace       used 8858K, capacity 11496K, committed 11648K, reserved 1058816K
  class space    used 1055K, capacity 1353K, committed 1408K, reserved 1048576K
}
Event: 1.095 GC heap before
{Heap before GC invocations=14 (full 0):
 garbage-first heap   total 20480K, used 10916K [0x00000000c4a00000, 0x0000000100000000)
  region size 1024K, 4 young (4096K), 1 survivors (1024K)
 Metaspace       used 8923K, capacity 11513K, committed 11648K, reserved 1058816K
  class space    used 1060K, capacity 1359K, committed 1408K, reserved 1048576K
}
Event: 1.098 GC heap after
{Heap after GC invocations=15 (full 0):
 garbage-first heap   total 26624K, used 9594K [0x00000000c4a00000, 0x0000000100000000)
  region size 1024K, 1 young (1024K), 1 survivors (1024K)
 Metaspace       used 8923K, capacity 11513K, committed 11648K, reserved 1058816K
  class space    used 1060K, capacity 1359K, committed 1408K, reserved 1048576K
}
Event: 1.244 GC heap before
{Heap before GC invocations=15 (full 0):
 garbage-first heap   total 26624K, used 15738K [0x00000000c4a00000, 0x0000000100000000)
  region size 1024K, 7 young (7168K), 1 survivors (1024K)
 Metaspace       used 9171K, capacity 11621K, committed 11904K, reserved 1060864K
  class space    used 1080K, capacity 1372K, committed 1408K, reserved 1048576K
}
Event: 1.250 GC heap after
{Heap after GC invocations=16 (full 0):
 garbage-first heap   total 26624K, used 10321K [0x00000000c4a00000, 0x0000000100000000)
  region size 1024K, 1 young (1024K), 1 survivors (1024K)
 Metaspace       used 9171K, capacity 11621K, committed 11904K, reserved 1060864K
  class space    used 1080K, capacity 1372K, committed 1408K, reserved 1048576K
}

