# JRE version: Java(TM) SE Runtime Environment (14.0.2+12) (build 14.0.2+12-46)
# Java VM: Java HotSpot(TM) 64-Bit Server VM (14.0.2+12-46, mixed mode, sharing, tiered, compressed oops, g1 gc, windows-amd64)
Heap:
 garbage-first heap   total 12288K, used 4899K [0x00000000c4a00000, 0x0000000100000000)
  region size 1024K, 2 young (2048K), 1 survivors (1024K)
 Metaspace       used 8248K, capacity 11251K, committed 11392K, reserved 1058816K
  class space    used 985K, capacity 1314K, committed 1408K, reserved 1048576K
GC Heap History (16 events):
Event: 0.528 GC heap before
{Heap before GC invocations=0 (full 0):
 garbage-first heap   total 8192K, used 4096K [0x00000000c4a00000, 0x0000000100000000)
  region size 1024K, 3 young (3072K), 0 survivors (0K)
 Metaspace       used 2381K, capacity 5984K, committed 6016K, reserved 1056768K
  class space    used 280K, capacity 638K, committed 640K, reserved 1048576K
}
Event: 0.534 GC heap after
{Heap after GC invocations=1 (full 0):
 garbage-first heap   total 8192K, used 2128K [0x00000000c4a00000, 0x0000000100000000)
  region size 1024K, 1 young (1024K), 1 survivors (1024K)
 Metaspace       used 2381K, capacity 5984K, committed 6016K, reserved 1056768K
  class space    used 280K, capacity 638K, committed 640K, reserved 1048576K
}
Event: 0.606 GC heap before
{Heap before GC invocations=1 (full 0):
 garbage-first heap   total 8192K, used 3152K [0x00000000c4a00000, 0x0000000100000000)
  region size 1024K, 2 young (2048K), 1 survivors (1024K)
 Metaspace       used 2891K, capacity 6247K, committed 6400K, reserved 1056768K
  class space    used 360K, capacity 686K, committed 768K, reserved 1048576K
}
Event: 0.611 GC heap after
{Heap after GC invocations=2 (full 0):
 garbage-first heap   total 8192K, used 1287K [0x00000000c4a00000, 0x0000000100000000)
  region size 1024K, 1 young (1024K), 1 survivors (1024K)
 Metaspace       used 2891K, capacity 6247K, committed 6400K, reserved 1056768K
  class space    used 360K, capacity 686K, committed 768K, reserved 1048576K
}
Event: 0.695 GC heap before
{Heap before GC invocations=2 (full 0):
 garbage-first heap   total 8192K, used 2311K [0x00000000c4a00000, 0x0000000100000000)
  region size 1024K, 2 young (2048K), 1 survivors (1024K)
 Metaspace       used 4580K, capacity 7933K, committed 8064K, reserved 1056768K
  class space    used 570K, capacity 886K, committed 896K, reserved 1048576K
}
Event: 0.697 GC heap after
{Heap after GC invocations=3 (full 0):
 garbage-first heap   total 8192K, used 1744K [0x00000000c4a00000, 0x0000000100000000)
  region size 1024K, 1 young (1024K), 1 survivors (1024K)
 Metaspace       used 4580K, capacity 7933K, committed 8064K, reserved 1056768K
  class space    used 570K, capacity 886K, committed 896K, reserved 1048576K
}
Event: 0.777 GC heap before
{Heap before GC invocations=3 (full 0):
 garbage-first heap   total 8192K, used 1744K [0x00000000c4a00000, 0x0000000100000000)
  region size 1024K, 2 young (2048K), 1 survivors (1024K)
 Metaspace       used 6184K, capacity 9604K, committed 9856K, reserved 1058816K
  class space    used 753K, capacity 1105K, committed 1152K, reserved 1048576K
}
Event: 0.780 GC heap after
{Heap after GC invocations=4 (full 0):
 garbage-first heap   total 8192K, used 2062K [0x00000000c4a00000, 0x0000000100000000)
  region size 1024K, 1 young (1024K), 1 survivors (1024K)
 Metaspace       used 6184K, capacity 9604K, committed 9856K, reserved 1058816K
  class space    used 753K, capacity 1105K, committed 1152K, reserved 1048576K
}
Event: 0.875 GC heap before
{Heap before GC invocations=4 (full 0):
 garbage-first heap   total 8192K, used 2062K [0x00000000c4a00000, 0x0000000100000000)
  region size 1024K, 2 young (2048K), 1 survivors (1024K)
 Metaspace       used 7169K, capacity 10430K, committed 10752K, reserved 1058816K
  class space    used 888K, capacity 1210K, committed 1280K, reserved 1048576K
}
Event: 0.878 GC heap after
{Heap after GC invocations=5 (full 0):
 garbage-first heap   total 8192K, used 2520K [0x00000000c4a00000, 0x0000000100000000)
  region size 1024K, 1 young (1024K), 1 survivors (1024K)
 Metaspace       used 7169K, capacity 10430K, committed 10752K, reserved 1058816K
  class space    used 888K, capacity 1210K, committed 1280K, reserved 1048576K
}
Event: 1.002 GC heap before
{Heap before GC invocations=5 (full 0):
 garbage-first heap   total 8192K, used 3544K [0x00000000c4a00000, 0x0000000100000000)
  region size 1024K, 2 young (2048K), 1 survivors (1024K)
 Metaspace       used 7818K, capacity 10993K, committed 11264K, reserved 1058816K
  class space    used 936K, capacity 1248K, committed 1280K, reserved 1048576K
}
Event: 1.005 GC heap after
{Heap after GC invocations=6 (full 0):
 garbage-first heap   total 10240K, used 4138K [0x00000000c4a00000, 0x0000000100000000)
  region size 1024K, 1 young (1024K), 1 survivors (1024K)
 Metaspace       used 7818K, capacity 10993K, committed 11264K, reserved 1058816K
  class space    used 936K, capacity 1248K, committed 1280K, reserved 1048576K
}
Event: 1.217 GC heap before
{Heap before GC invocations=6 (full 0):
 garbage-first heap   total 10240K, used 5162K [0x00000000c4a00000, 0x0000000100000000)
  region size 1024K, 2 young (2048K), 1 survivors (1024K)
 Metaspace       used 8077K, capacity 11100K, committed 11264K, reserved 1058816K
  class space    used 962K, capacity 1263K, committed 1280K, reserved 1048576K
}
Event: 1.222 GC heap after
{Heap after GC invocations=7 (full 0):
 garbage-first heap   total 10240K, used 4384K [0x00000000c4a00000, 0x0000000100000000)
  region size 1024K, 1 young (1024K), 1 survivors (1024K)
 Metaspace       used 8077K, capacity 11100K, committed 11264K, reserved 1058816K
  class space    used 962K, capacity 1263K, committed 1280K, reserved 1048576K
}
Event: 1.277 GC heap before
{Heap before GC invocations=7 (full 0):
 garbage-first heap   total 10240K, used 5408K [0x00000000c4a00000, 0x0000000100000000)
  region size 1024K, 2 young (2048K), 1 survivors (1024K)
 Metaspace       used 8227K, capacity 11225K, committed 11392K, reserved 1058816K
  class space    used 980K, capacity 1305K, committed 1408K, reserved 1048576K
}
Event: 1.280 GC heap after
{Heap after GC invocations=8 (full 0):
 garbage-first heap   total 10240K, used 4899K [0x00000000c4a00000, 0x0000000100000000)
  region size 1024K, 1 young (1024K), 1 survivors (1024K)
 Metaspace       used 8227K, capacity 11225K, committed 11392K, reserved 1058816K
  class space    used 980K, capacity 1305K, committed 1408K, reserved 1048576K
}

