# JRE version: Java(TM) SE Runtime Environment (14.0.2+12) (build 14.0.2+12-46)
# Java VM: Java HotSpot(TM) 64-Bit Server VM (14.0.2+12-46, mixed mode, sharing, tiered, compressed oops, g1 gc, windows-amd64)
Heap:
 garbage-first heap   total 50176K, used 13458K [0x00000000c4a00000, 0x0000000100000000)
  region size 1024K, 1 young (1024K), 1 survivors (1024K)
 Metaspace       used 9429K, capacity 11885K, committed 12032K, reserved 1060864K
  class space    used 1104K, capacity 1417K, committed 1536K, reserved 1048576K
GC Heap History (20 events):
Event: 1.048 GC heap after
{Heap after GC invocations=7 (full 0):
 garbage-first heap   total 10240K, used 4949K [0x00000000c4a00000, 0x0000000100000000)
  region size 1024K, 1 young (1024K), 1 survivors (1024K)
 Metaspace       used 8204K, capacity 11228K, committed 11392K, reserved 1058816K
  class space    used 980K, capacity 1306K, committed 1408K, reserved 1048576K
}
Event: 1.103 GC heap before
{Heap before GC invocations=7 (full 0):
 garbage-first heap   total 10240K, used 5973K [0x00000000c4a00000, 0x0000000100000000)
  region size 1024K, 2 young (2048K), 1 survivors (1024K)
 Metaspace       used 8599K, capacity 11432K, committed 11648K, reserved 1058816K
  class space    used 1031K, capacity 1353K, committed 1408K, reserved 1048576K
}
Event: 1.108 GC heap after
{Heap after GC invocations=8 (full 0):
 garbage-first heap   total 10240K, used 5507K [0x00000000c4a00000, 0x0000000100000000)
  region size 1024K, 1 young (1024K), 1 survivors (1024K)
 Metaspace       used 8599K, capacity 11432K, committed 11648K, reserved 1058816K
  class space    used 1031K, capacity 1353K, committed 1408K, reserved 1048576K
}
Event: 1.179 GC heap before
{Heap before GC invocations=9 (full 0):
 garbage-first heap   total 12288K, used 6531K [0x00000000c4a00000, 0x0000000100000000)
  region size 1024K, 2 young (2048K), 1 survivors (1024K)
 Metaspace       used 8792K, capacity 11496K, committed 11648K, reserved 1058816K
  class space    used 1053K, capacity 1353K, committed 1408K, reserved 1048576K
}
Event: 1.182 GC heap after
{Heap after GC invocations=10 (full 0):
 garbage-first heap   total 16384K, used 5931K [0x00000000c4a00000, 0x0000000100000000)
  region size 1024K, 1 young (1024K), 1 survivors (1024K)
 Metaspace       used 8792K, capacity 11496K, committed 11648K, reserved 1058816K
  class space    used 1053K, capacity 1353K, committed 1408K, reserved 1048576K
}
Event: 1.257 GC heap before
{Heap before GC invocations=10 (full 0):
 garbage-first heap   total 16384K, used 7979K [0x00000000c4a00000, 0x0000000100000000)
  region size 1024K, 3 young (3072K), 1 survivors (1024K)
 Metaspace       used 8832K, capacity 11496K, committed 11648K, reserved 1058816K
  class space    used 1054K, capacity 1353K, committed 1408K, reserved 1048576K
}
Event: 1.261 GC heap after
{Heap after GC invocations=11 (full 0):
 garbage-first heap   total 16384K, used 8279K [0x00000000c4a00000, 0x0000000100000000)
  region size 1024K, 1 young (1024K), 1 survivors (1024K)
 Metaspace       used 8832K, capacity 11496K, committed 11648K, reserved 1058816K
  class space    used 1054K, capacity 1353K, committed 1408K, reserved 1048576K
}
Event: 1.273 GC heap before
{Heap before GC invocations=11 (full 0):
 garbage-first heap   total 16384K, used 9303K [0x00000000c4a00000, 0x0000000100000000)
  region size 1024K, 2 young (2048K), 1 survivors (1024K)
 Metaspace       used 8834K, capacity 11496K, committed 11648K, reserved 1058816K
  class space    used 1054K, capacity 1353K, committed 1408K, reserved 1048576K
}
Event: 1.277 GC heap after
{Heap after GC invocations=12 (full 0):
 garbage-first heap   total 16384K, used 8861K [0x00000000c4a00000, 0x0000000100000000)
  region size 1024K, 1 young (1024K), 1 survivors (1024K)
 Metaspace       used 8834K, capacity 11496K, committed 11648K, reserved 1058816K
  class space    used 1054K, capacity 1353K, committed 1408K, reserved 1048576K
}
Event: 1.304 GC heap before
{Heap before GC invocations=12 (full 0):
 garbage-first heap   total 19456K, used 9885K [0x00000000c4a00000, 0x0000000100000000)
  region size 1024K, 2 young (2048K), 1 survivors (1024K)
 Metaspace       used 8851K, capacity 11496K, committed 11648K, reserved 1058816K
  class space    used 1054K, capacity 1353K, committed 1408K, reserved 1048576K
}
Event: 1.307 GC heap after
{Heap after GC invocations=13 (full 0):
 garbage-first heap   total 19456K, used 8771K [0x00000000c4a00000, 0x0000000100000000)
  region size 1024K, 1 young (1024K), 1 survivors (1024K)
 Metaspace       used 8851K, capacity 11496K, committed 11648K, reserved 1058816K
  class space    used 1054K, capacity 1353K, committed 1408K, reserved 1048576K
}
Event: 1.329 GC heap before
{Heap before GC invocations=14 (full 0):
 garbage-first heap   total 19456K, used 10819K [0x00000000c4a00000, 0x0000000100000000)
  region size 1024K, 3 young (3072K), 1 survivors (1024K)
 Metaspace       used 8852K, capacity 11496K, committed 11648K, reserved 1058816K
  class space    used 1054K, capacity 1353K, committed 1408K, reserved 1048576K
}
Event: 1.332 GC heap after
{Heap after GC invocations=15 (full 0):
 garbage-first heap   total 25600K, used 8863K [0x00000000c4a00000, 0x0000000100000000)
  region size 1024K, 1 young (1024K), 1 survivors (1024K)
 Metaspace       used 8852K, capacity 11496K, committed 11648K, reserved 1058816K
  class space    used 1054K, capacity 1353K, committed 1408K, reserved 1048576K
}
Event: 1.493 GC heap before
{Heap before GC invocations=15 (full 0):
 garbage-first heap   total 25600K, used 13983K [0x00000000c4a00000, 0x0000000100000000)
  region size 1024K, 7 young (7168K), 1 survivors (1024K)
 Metaspace       used 9046K, capacity 11601K, committed 11648K, reserved 1058816K
  class space    used 1073K, capacity 1367K, committed 1408K, reserved 1048576K
}
Event: 1.498 GC heap after
{Heap after GC invocations=16 (full 0):
 garbage-first heap   total 25600K, used 9871K [0x00000000c4a00000, 0x0000000100000000)
  region size 1024K, 1 young (1024K), 1 survivors (1024K)
 Metaspace       used 9046K, capacity 11601K, committed 11648K, reserved 1058816K
  class space    used 1073K, capacity 1367K, committed 1408K, reserved 1048576K
}
Event: 1.611 GC heap before
{Heap before GC invocations=16 (full 0):
 garbage-first heap   total 25600K, used 17039K [0x00000000c4a00000, 0x0000000100000000)
  region size 1024K, 8 young (8192K), 1 survivors (1024K)
 Metaspace       used 9294K, capacity 11701K, committed 11904K, reserved 1060864K
  class space    used 1091K, capacity 1378K, committed 1408K, reserved 1048576K
}
Event: 1.619 GC heap after
{Heap after GC invocations=17 (full 0):
 garbage-first heap   total 25600K, used 11020K [0x00000000c4a00000, 0x0000000100000000)
  region size 1024K, 1 young (1024K), 1 survivors (1024K)
 Metaspace       used 9294K, capacity 11701K, committed 11904K, reserved 1060864K
  class space    used 1091K, capacity 1378K, committed 1408K, reserved 1048576K
}
Event: 1.691 GC heap before
{Heap before GC invocations=17 (full 0):
 garbage-first heap   total 25600K, used 16140K [0x00000000c4a00000, 0x0000000100000000)
  region size 1024K, 7 young (7168K), 1 survivors (1024K)
 Metaspace       used 9425K, capacity 11885K, committed 12032K, reserved 1060864K
  class space    used 1104K, capacity 1417K, committed 1536K, reserved 1048576K
}
Event: 1.698 GC heap after
{Heap after GC invocations=18 (full 0):
 garbage-first heap   total 25600K, used 12728K [0x00000000c4a00000, 0x0000000100000000)
  region size 1024K, 1 young (1024K), 1 survivors (1024K)
 Metaspace       used 9425K, capacity 11885K, committed 12032K, reserved 1060864K
  class space    used 1104K, capacity 1417K, committed 1536K, reserved 1048576K
}
Event: 1.727 GC heap before
{Heap before GC invocations=18 (full 0):
 garbage-first heap   total 25600K, used 17848K [0x00000000c4a00000, 0x0000000100000000)
  region size 1024K, 6 young (6144K), 1 survivors (1024K)
 Metaspace       used 9429K, capacity 11885K, committed 12032K, reserved 1060864K
  class space    used 1104K, capacity 1417K, committed 1536K, reserved 1048576K
}

