# JRE version: Java(TM) SE Runtime Environment (14.0.2+12) (build 14.0.2+12-46)
# Java VM: Java HotSpot(TM) 64-Bit Server VM (14.0.2+12-46, mixed mode, sharing, tiered, compressed oops, g1 gc, windows-amd64)
Heap:
 garbage-first heap   total 12288K, used 5492K [0x00000000c4a00000, 0x0000000100000000)
  region size 1024K, 2 young (2048K), 1 survivors (1024K)
 Metaspace       used 8638K, capacity 11496K, committed 11648K, reserved 1058816K
  class space    used 1037K, capacity 1353K, committed 1408K, reserved 1048576K
GC Heap History (16 events):
Event: 0.373 GC heap before
{Heap before GC invocations=0 (full 0):
 garbage-first heap   total 8192K, used 4096K [0x00000000c4a00000, 0x0000000100000000)
  region size 1024K, 3 young (3072K), 0 survivors (0K)
 Metaspace       used 2377K, capacity 5984K, committed 6016K, reserved 1056768K
  class space    used 280K, capacity 638K, committed 640K, reserved 1048576K
}
Event: 0.378 GC heap after
{Heap after GC invocations=1 (full 0):
 garbage-first heap   total 8192K, used 2126K [0x00000000c4a00000, 0x0000000100000000)
  region size 1024K, 1 young (1024K), 1 survivors (1024K)
 Metaspace       used 2377K, capacity 5984K, committed 6016K, reserved 1056768K
  class space    used 280K, capacity 638K, committed 640K, reserved 1048576K
}
Event: 0.471 GC heap before
{Heap before GC invocations=1 (full 0):
 garbage-first heap   total 8192K, used 3150K [0x00000000c4a00000, 0x0000000100000000)
  region size 1024K, 2 young (2048K), 1 survivors (1024K)
 Metaspace       used 2883K, capacity 6247K, committed 6400K, reserved 1056768K
  class space    used 359K, capacity 686K, committed 768K, reserved 1048576K
}
Event: 0.476 GC heap after
{Heap after GC invocations=2 (full 0):
 garbage-first heap   total 8192K, used 1286K [0x00000000c4a00000, 0x0000000100000000)
  region size 1024K, 1 young (1024K), 1 survivors (1024K)
 Metaspace       used 2883K, capacity 6247K, committed 6400K, reserved 1056768K
  class space    used 359K, capacity 686K, committed 768K, reserved 1048576K
}
Event: 0.614 GC heap before
{Heap before GC invocations=2 (full 0):
 garbage-first heap   total 8192K, used 2310K [0x00000000c4a00000, 0x0000000100000000)
  region size 1024K, 2 young (2048K), 1 survivors (1024K)
 Metaspace       used 4571K, capacity 7933K, committed 8064K, reserved 1056768K
  class space    used 570K, capacity 886K, committed 896K, reserved 1048576K
}
Event: 0.616 GC heap after
{Heap after GC invocations=3 (full 0):
 garbage-first heap   total 8192K, used 1743K [0x00000000c4a00000, 0x0000000100000000)
  region size 1024K, 1 young (1024K), 1 survivors (1024K)
 Metaspace       used 4571K, capacity 7933K, committed 8064K, reserved 1056768K
  class space    used 570K, capacity 886K, committed 896K, reserved 1048576K
}
Event: 0.737 GC heap before
{Heap before GC invocations=3 (full 0):
 garbage-first heap   total 8192K, used 1743K [0x00000000c4a00000, 0x0000000100000000)
  region size 1024K, 2 young (2048K), 1 survivors (1024K)
 Metaspace       used 6177K, capacity 9604K, committed 9856K, reserved 1058816K
  class space    used 753K, capacity 1105K, committed 1152K, reserved 1048576K
}
Event: 0.739 GC heap after
{Heap after GC invocations=4 (full 0):
 garbage-first heap   total 8192K, used 2068K [0x00000000c4a00000, 0x0000000100000000)
  region size 1024K, 1 young (1024K), 1 survivors (1024K)
 Metaspace       used 6177K, capacity 9604K, committed 9856K, reserved 1058816K
  class space    used 753K, capacity 1105K, committed 1152K, reserved 1048576K
}
Event: 0.836 GC heap before
{Heap before GC invocations=4 (full 0):
 garbage-first heap   total 8192K, used 2068K [0x00000000c4a00000, 0x0000000100000000)
  region size 1024K, 2 young (2048K), 1 survivors (1024K)
 Metaspace       used 7168K, capacity 10430K, committed 10752K, reserved 1058816K
  class space    used 888K, capacity 1210K, committed 1280K, reserved 1048576K
}
Event: 0.839 GC heap after
{Heap after GC invocations=5 (full 0):
 garbage-first heap   total 10240K, used 2516K [0x00000000c4a00000, 0x0000000100000000)
  region size 1024K, 1 young (1024K), 1 survivors (1024K)
 Metaspace       used 7168K, capacity 10430K, committed 10752K, reserved 1058816K
  class space    used 888K, capacity 1210K, committed 1280K, reserved 1048576K
}
Event: 1.024 GC heap before
{Heap before GC invocations=5 (full 0):
 garbage-first heap   total 10240K, used 5588K [0x00000000c4a00000, 0x0000000100000000)
  region size 1024K, 3 young (3072K), 1 survivors (1024K)
 Metaspace       used 8110K, capacity 11142K, committed 11392K, reserved 1058816K
  class space    used 966K, capacity 1299K, committed 1408K, reserved 1048576K
}
Event: 1.029 GC heap after
{Heap after GC invocations=6 (full 0):
 garbage-first heap   total 10240K, used 4299K [0x00000000c4a00000, 0x0000000100000000)
  region size 1024K, 1 young (1024K), 1 survivors (1024K)
 Metaspace       used 8110K, capacity 11142K, committed 11392K, reserved 1058816K
  class space    used 966K, capacity 1299K, committed 1408K, reserved 1048576K
}
Event: 1.074 GC heap before
{Heap before GC invocations=6 (full 0):
 garbage-first heap   total 10240K, used 5323K [0x00000000c4a00000, 0x0000000100000000)
  region size 1024K, 2 young (2048K), 1 survivors (1024K)
 Metaspace       used 8230K, capacity 11228K, committed 11392K, reserved 1058816K
  class space    used 980K, capacity 1306K, committed 1408K, reserved 1048576K
}
Event: 1.080 GC heap after
{Heap after GC invocations=7 (full 0):
 garbage-first heap   total 10240K, used 4969K [0x00000000c4a00000, 0x0000000100000000)
  region size 1024K, 1 young (1024K), 1 survivors (1024K)
 Metaspace       used 8230K, capacity 11228K, committed 11392K, reserved 1058816K
  class space    used 980K, capacity 1306K, committed 1408K, reserved 1048576K
}
Event: 1.155 GC heap before
{Heap before GC invocations=7 (full 0):
 garbage-first heap   total 10240K, used 5993K [0x00000000c4a00000, 0x0000000100000000)
  region size 1024K, 2 young (2048K), 1 survivors (1024K)
 Metaspace       used 8619K, capacity 11496K, committed 11648K, reserved 1058816K
  class space    used 1031K, capacity 1353K, committed 1408K, reserved 1048576K
}
Event: 1.159 GC heap after
{Heap after GC invocations=8 (full 0):
 garbage-first heap   total 10240K, used 5492K [0x00000000c4a00000, 0x0000000100000000)
  region size 1024K, 1 young (1024K), 1 survivors (1024K)
 Metaspace       used 8619K, capacity 11496K, committed 11648K, reserved 1058816K
  class space    used 1031K, capacity 1353K, committed 1408K, reserved 1048576K
}

