# JRE version: Java(TM) SE Runtime Environment (14.0.2+12) (build 14.0.2+12-46)
# Java VM: Java HotSpot(TM) 64-Bit Server VM (14.0.2+12-46, mixed mode, sharing, tiered, compressed oops, g1 gc, windows-amd64)
Heap:
 garbage-first heap   total 20480K, used 10023K [0x00000000c4a00000, 0x0000000100000000)
  region size 1024K, 3 young (3072K), 1 survivors (1024K)
 Metaspace       used 8819K, capacity 11496K, committed 11648K, reserved 1058816K
  class space    used 1055K, capacity 1353K, committed 1408K, reserved 1048576K
GC Heap History (20 events):
Event: 0.516 GC heap before
{Heap before GC invocations=1 (full 0):
 garbage-first heap   total 8192K, used 3152K [0x00000000c4a00000, 0x0000000100000000)
  region size 1024K, 2 young (2048K), 1 survivors (1024K)
 Metaspace       used 2912K, capacity 6311K, committed 6400K, reserved 1056768K
  class space    used 363K, capacity 686K, committed 768K, reserved 1048576K
}
Event: 0.520 GC heap after
{Heap after GC invocations=2 (full 0):
 garbage-first heap   total 8192K, used 1291K [0x00000000c4a00000, 0x0000000100000000)
  region size 1024K, 1 young (1024K), 1 survivors (1024K)
 Metaspace       used 2912K, capacity 6311K, committed 6400K, reserved 1056768K
  class space    used 363K, capacity 686K, committed 768K, reserved 1048576K
}
Event: 0.629 GC heap before
{Heap before GC invocations=2 (full 0):
 garbage-first heap   total 8192K, used 2315K [0x00000000c4a00000, 0x0000000100000000)
  region size 1024K, 2 young (2048K), 1 survivors (1024K)
 Metaspace       used 4600K, capacity 8029K, committed 8192K, reserved 1056768K
  class space    used 575K, capacity 918K, committed 1024K, reserved 1048576K
}
Event: 0.631 GC heap after
{Heap after GC invocations=3 (full 0):
 garbage-first heap   total 8192K, used 1750K [0x00000000c4a00000, 0x0000000100000000)
  region size 1024K, 1 young (1024K), 1 survivors (1024K)
 Metaspace       used 4600K, capacity 8029K, committed 8192K, reserved 1056768K
  class space    used 575K, capacity 918K, committed 1024K, reserved 1048576K
}
Event: 0.708 GC heap before
{Heap before GC invocations=3 (full 0):
 garbage-first heap   total 8192K, used 2774K [0x00000000c4a00000, 0x0000000100000000)
  region size 1024K, 2 young (2048K), 1 survivors (1024K)
 Metaspace       used 6190K, capacity 9604K, committed 9856K, reserved 1058816K
  class space    used 755K, capacity 1105K, committed 1152K, reserved 1048576K
}
Event: 0.710 GC heap after
{Heap after GC invocations=4 (full 0):
 garbage-first heap   total 8192K, used 2104K [0x00000000c4a00000, 0x0000000100000000)
  region size 1024K, 1 young (1024K), 1 survivors (1024K)
 Metaspace       used 6190K, capacity 9604K, committed 9856K, reserved 1058816K
  class space    used 755K, capacity 1105K, committed 1152K, reserved 1048576K
}
Event: 0.771 GC heap before
{Heap before GC invocations=4 (full 0):
 garbage-first heap   total 8192K, used 3128K [0x00000000c4a00000, 0x0000000100000000)
  region size 1024K, 2 young (2048K), 1 survivors (1024K)
 Metaspace       used 7175K, capacity 10430K, committed 10752K, reserved 1058816K
  class space    used 888K, capacity 1210K, committed 1280K, reserved 1048576K
}
Event: 0.774 GC heap after
{Heap after GC invocations=5 (full 0):
 garbage-first heap   total 10240K, used 3581K [0x00000000c4a00000, 0x0000000100000000)
  region size 1024K, 1 young (1024K), 1 survivors (1024K)
 Metaspace       used 7175K, capacity 10430K, committed 10752K, reserved 1058816K
  class space    used 888K, capacity 1210K, committed 1280K, reserved 1048576K
}
Event: 0.928 GC heap before
{Heap before GC invocations=5 (full 0):
 garbage-first heap   total 10240K, used 5629K [0x00000000c4a00000, 0x0000000100000000)
  region size 1024K, 3 young (3072K), 1 survivors (1024K)
 Metaspace       used 8115K, capacity 11160K, committed 11392K, reserved 1058816K
  class space    used 977K, capacity 1305K, committed 1408K, reserved 1048576K
}
Event: 0.934 GC heap after
{Heap after GC invocations=6 (full 0):
 garbage-first heap   total 10240K, used 4453K [0x00000000c4a00000, 0x0000000100000000)
  region size 1024K, 1 young (1024K), 1 survivors (1024K)
 Metaspace       used 8115K, capacity 11160K, committed 11392K, reserved 1058816K
  class space    used 977K, capacity 1305K, committed 1408K, reserved 1048576K
}
Event: 1.010 GC heap before
{Heap before GC invocations=6 (full 0):
 garbage-first heap   total 10240K, used 5477K [0x00000000c4a00000, 0x0000000100000000)
  region size 1024K, 2 young (2048K), 1 survivors (1024K)
 Metaspace       used 8182K, capacity 11251K, committed 11392K, reserved 1058816K
  class space    used 985K, capacity 1314K, committed 1408K, reserved 1048576K
}
Event: 1.015 GC heap after
{Heap after GC invocations=7 (full 0):
 garbage-first heap   total 10240K, used 5048K [0x00000000c4a00000, 0x0000000100000000)
  region size 1024K, 1 young (1024K), 1 survivors (1024K)
 Metaspace       used 8182K, capacity 11251K, committed 11392K, reserved 1058816K
  class space    used 985K, capacity 1314K, committed 1408K, reserved 1048576K
}
Event: 1.103 GC heap before
{Heap before GC invocations=7 (full 0):
 garbage-first heap   total 10240K, used 6072K [0x00000000c4a00000, 0x0000000100000000)
  region size 1024K, 2 young (2048K), 1 survivors (1024K)
 Metaspace       used 8590K, capacity 11432K, committed 11648K, reserved 1058816K
  class space    used 1039K, capacity 1353K, committed 1408K, reserved 1048576K
}
Event: 1.109 GC heap after
{Heap after GC invocations=8 (full 0):
 garbage-first heap   total 10240K, used 5754K [0x00000000c4a00000, 0x0000000100000000)
  region size 1024K, 1 young (1024K), 1 survivors (1024K)
 Metaspace       used 8590K, capacity 11432K, committed 11648K, reserved 1058816K
  class space    used 1039K, capacity 1353K, committed 1408K, reserved 1048576K
}
Event: 1.201 GC heap before
{Heap before GC invocations=9 (full 0):
 garbage-first heap   total 12288K, used 6778K [0x00000000c4a00000, 0x0000000100000000)
  region size 1024K, 2 young (2048K), 1 survivors (1024K)
 Metaspace       used 8768K, capacity 11496K, committed 11648K, reserved 1058816K
  class space    used 1054K, capacity 1353K, committed 1408K, reserved 1048576K
}
Event: 1.204 GC heap after
{Heap after GC invocations=10 (full 0):
 garbage-first heap   total 17408K, used 6077K [0x00000000c4a00000, 0x0000000100000000)
  region size 1024K, 1 young (1024K), 1 survivors (1024K)
 Metaspace       used 8768K, capacity 11496K, committed 11648K, reserved 1058816K
  class space    used 1054K, capacity 1353K, committed 1408K, reserved 1048576K
}
Event: 1.270 GC heap before
{Heap before GC invocations=10 (full 0):
 garbage-first heap   total 17408K, used 10173K [0x00000000c4a00000, 0x0000000100000000)
  region size 1024K, 4 young (4096K), 1 survivors (1024K)
 Metaspace       used 8798K, capacity 11496K, committed 11648K, reserved 1058816K
  class space    used 1054K, capacity 1353K, committed 1408K, reserved 1048576K
}
Event: 1.276 GC heap after
{Heap after GC invocations=11 (full 0):
 garbage-first heap   total 17408K, used 8771K [0x00000000c4a00000, 0x0000000100000000)
  region size 1024K, 1 young (1024K), 1 survivors (1024K)
 Metaspace       used 8798K, capacity 11496K, committed 11648K, reserved 1058816K
  class space    used 1054K, capacity 1353K, committed 1408K, reserved 1048576K
}
Event: 1.312 GC heap before
{Heap before GC invocations=11 (full 0):
 garbage-first heap   total 17408K, used 10819K [0x00000000c4a00000, 0x0000000100000000)
  region size 1024K, 3 young (3072K), 1 survivors (1024K)
 Metaspace       used 8816K, capacity 11496K, committed 11648K, reserved 1058816K
  class space    used 1054K, capacity 1353K, committed 1408K, reserved 1048576K
}
Event: 1.315 GC heap after
{Heap after GC invocations=12 (full 0):
 garbage-first heap   total 17408K, used 8999K [0x00000000c4a00000, 0x0000000100000000)
  region size 1024K, 1 young (1024K), 1 survivors (1024K)
 Metaspace       used 8816K, capacity 11496K, committed 11648K, reserved 1058816K
  class space    used 1054K, capacity 1353K, committed 1408K, reserved 1048576K
}

