# JRE version: Java(TM) SE Runtime Environment (14.0.2+12) (build 14.0.2+12-46)
# Java VM: Java HotSpot(TM) 64-Bit Server VM (14.0.2+12-46, mixed mode, sharing, tiered, compressed oops, g1 gc, windows-amd64)
Heap:
 garbage-first heap   total 43008K, used 13524K [0x00000000c4a00000, 0x0000000100000000)
  region size 1024K, 1 young (1024K), 1 survivors (1024K)
 Metaspace       used 9431K, capacity 11885K, committed 12032K, reserved 1060864K
  class space    used 1104K, capacity 1417K, committed 1536K, reserved 1048576K
GC Heap History (20 events):
Event: 0.846 GC heap after
{Heap after GC invocations=7 (full 0):
 garbage-first heap   total 10240K, used 5059K [0x00000000c4a00000, 0x0000000100000000)
  region size 1024K, 1 young (1024K), 1 survivors (1024K)
 Metaspace       used 8209K, capacity 11225K, committed 11392K, reserved 1058816K
  class space    used 980K, capacity 1305K, committed 1408K, reserved 1048576K
}
Event: 0.888 GC heap before
{Heap before GC invocations=7 (full 0):
 garbage-first heap   total 10240K, used 6083K [0x00000000c4a00000, 0x0000000100000000)
  region size 1024K, 2 young (2048K), 1 survivors (1024K)
 Metaspace       used 8597K, capacity 11432K, committed 11648K, reserved 1058816K
  class space    used 1030K, capacity 1353K, committed 1408K, reserved 1048576K
}
Event: 0.892 GC heap after
{Heap after GC invocations=8 (full 0):
 garbage-first heap   total 10240K, used 5586K [0x00000000c4a00000, 0x0000000100000000)
  region size 1024K, 1 young (1024K), 1 survivors (1024K)
 Metaspace       used 8597K, capacity 11432K, committed 11648K, reserved 1058816K
  class space    used 1030K, capacity 1353K, committed 1408K, reserved 1048576K
}
Event: 0.938 GC heap before
{Heap before GC invocations=9 (full 0):
 garbage-first heap   total 12288K, used 6610K [0x00000000c4a00000, 0x0000000100000000)
  region size 1024K, 2 young (2048K), 1 survivors (1024K)
 Metaspace       used 8793K, capacity 11496K, committed 11648K, reserved 1058816K
  class space    used 1053K, capacity 1353K, committed 1408K, reserved 1048576K
}
Event: 0.941 GC heap after
{Heap after GC invocations=10 (full 0):
 garbage-first heap   total 17408K, used 6006K [0x00000000c4a00000, 0x0000000100000000)
  region size 1024K, 1 young (1024K), 1 survivors (1024K)
 Metaspace       used 8793K, capacity 11496K, committed 11648K, reserved 1058816K
  class space    used 1053K, capacity 1353K, committed 1408K, reserved 1048576K
}
Event: 0.999 GC heap before
{Heap before GC invocations=10 (full 0):
 garbage-first heap   total 17408K, used 9078K [0x00000000c4a00000, 0x0000000100000000)
  region size 1024K, 4 young (4096K), 1 survivors (1024K)
 Metaspace       used 8830K, capacity 11496K, committed 11648K, reserved 1058816K
  class space    used 1054K, capacity 1353K, committed 1408K, reserved 1048576K
}
Event: 1.004 GC heap after
{Heap after GC invocations=11 (full 0):
 garbage-first heap   total 17408K, used 8755K [0x00000000c4a00000, 0x0000000100000000)
  region size 1024K, 1 young (1024K), 1 survivors (1024K)
 Metaspace       used 8830K, capacity 11496K, committed 11648K, reserved 1058816K
  class space    used 1054K, capacity 1353K, committed 1408K, reserved 1048576K
}
Event: 1.026 GC heap before
{Heap before GC invocations=11 (full 0):
 garbage-first heap   total 17408K, used 10803K [0x00000000c4a00000, 0x0000000100000000)
  region size 1024K, 3 young (3072K), 1 survivors (1024K)
 Metaspace       used 8847K, capacity 11496K, committed 11648K, reserved 1058816K
  class space    used 1054K, capacity 1353K, committed 1408K, reserved 1048576K
}
Event: 1.029 GC heap after
{Heap after GC invocations=12 (full 0):
 garbage-first heap   total 17408K, used 8977K [0x00000000c4a00000, 0x0000000100000000)
  region size 1024K, 1 young (1024K), 1 survivors (1024K)
 Metaspace       used 8847K, capacity 11496K, committed 11648K, reserved 1058816K
  class space    used 1054K, capacity 1353K, committed 1408K, reserved 1048576K
}
Event: 1.045 GC heap before
{Heap before GC invocations=12 (full 0):
 garbage-first heap   total 17408K, used 11025K [0x00000000c4a00000, 0x0000000100000000)
  region size 1024K, 3 young (3072K), 1 survivors (1024K)
 Metaspace       used 8848K, capacity 11496K, committed 11648K, reserved 1058816K
  class space    used 1054K, capacity 1353K, committed 1408K, reserved 1048576K
}
Event: 1.046 GC heap after
{Heap after GC invocations=13 (full 0):
 garbage-first heap   total 17408K, used 8941K [0x00000000c4a00000, 0x0000000100000000)
  region size 1024K, 1 young (1024K), 1 survivors (1024K)
 Metaspace       used 8848K, capacity 11496K, committed 11648K, reserved 1058816K
  class space    used 1054K, capacity 1353K, committed 1408K, reserved 1048576K
}
Event: 1.075 GC heap before
{Heap before GC invocations=14 (full 0):
 garbage-first heap   total 19456K, used 9965K [0x00000000c4a00000, 0x0000000100000000)
  region size 1024K, 3 young (3072K), 1 survivors (1024K)
 Metaspace       used 8862K, capacity 11496K, committed 11648K, reserved 1058816K
  class space    used 1055K, capacity 1353K, committed 1408K, reserved 1048576K
}
Event: 1.077 GC heap after
{Heap after GC invocations=15 (full 0):
 garbage-first heap   total 25600K, used 9489K [0x00000000c4a00000, 0x0000000100000000)
  region size 1024K, 1 young (1024K), 1 survivors (1024K)
 Metaspace       used 8862K, capacity 11496K, committed 11648K, reserved 1058816K
  class space    used 1055K, capacity 1353K, committed 1408K, reserved 1048576K
}
Event: 1.228 GC heap before
{Heap before GC invocations=15 (full 0):
 garbage-first heap   total 25600K, used 15633K [0x00000000c4a00000, 0x0000000100000000)
  region size 1024K, 7 young (7168K), 1 survivors (1024K)
 Metaspace       used 9176K, capacity 11620K, committed 11904K, reserved 1060864K
  class space    used 1080K, capacity 1372K, committed 1408K, reserved 1048576K
}
Event: 1.232 GC heap after
{Heap after GC invocations=16 (full 0):
 garbage-first heap   total 25600K, used 10374K [0x00000000c4a00000, 0x0000000100000000)
  region size 1024K, 1 young (1024K), 1 survivors (1024K)
 Metaspace       used 9176K, capacity 11620K, committed 11904K, reserved 1060864K
  class space    used 1080K, capacity 1372K, committed 1408K, reserved 1048576K
}
Event: 1.282 GC heap before
{Heap before GC invocations=16 (full 0):
 garbage-first heap   total 25600K, used 16518K [0x00000000c4a00000, 0x0000000100000000)
  region size 1024K, 7 young (7168K), 1 survivors (1024K)
 Metaspace       used 9313K, capacity 11765K, committed 11904K, reserved 1060864K
  class space    used 1091K, capacity 1378K, committed 1408K, reserved 1048576K
}
Event: 1.286 GC heap after
{Heap after GC invocations=17 (full 0):
 garbage-first heap   total 25600K, used 11248K [0x00000000c4a00000, 0x0000000100000000)
  region size 1024K, 1 young (1024K), 1 survivors (1024K)
 Metaspace       used 9313K, capacity 11765K, committed 11904K, reserved 1060864K
  class space    used 1091K, capacity 1378K, committed 1408K, reserved 1048576K
}
Event: 1.342 GC heap before
{Heap before GC invocations=17 (full 0):
 garbage-first heap   total 25600K, used 16368K [0x00000000c4a00000, 0x0000000100000000)
  region size 1024K, 6 young (6144K), 1 survivors (1024K)
 Metaspace       used 9428K, capacity 11885K, committed 12032K, reserved 1060864K
  class space    used 1104K, capacity 1417K, committed 1536K, reserved 1048576K
}
Event: 1.346 GC heap after
{Heap after GC invocations=18 (full 0):
 garbage-first heap   total 25600K, used 12686K [0x00000000c4a00000, 0x0000000100000000)
  region size 1024K, 1 young (1024K), 1 survivors (1024K)
 Metaspace       used 9428K, capacity 11885K, committed 12032K, reserved 1060864K
  class space    used 1104K, capacity 1417K, committed 1536K, reserved 1048576K
}
Event: 1.363 GC heap before
{Heap before GC invocations=18 (full 0):
 garbage-first heap   total 25600K, used 17806K [0x00000000c4a00000, 0x0000000100000000)
  region size 1024K, 6 young (6144K), 1 survivors (1024K)
 Metaspace       used 9431K, capacity 11885K, committed 12032K, reserved 1060864K
  class space    used 1104K, capacity 1417K, committed 1536K, reserved 1048576K
}

