# JRE version: Java(TM) SE Runtime Environment (14.0.2+12) (build 14.0.2+12-46)
# Java VM: Java HotSpot(TM) 64-Bit Server VM (14.0.2+12-46, mixed mode, sharing, tiered, compressed oops, g1 gc, windows-amd64)
Heap:
 garbage-first heap   total 17408K, used 6048K [0x00000000c4a00000, 0x0000000100000000)
  region size 1024K, 1 young (1024K), 1 survivors (1024K)
 Metaspace       used 8767K, capacity 11432K, committed 11648K, reserved 1062912K
  class space    used 1053K, capacity 1353K, committed 1408K, reserved 1048576K
GC Heap History (17 events):
Event: 0.406 GC heap before
{Heap before GC invocations=0 (full 0):
 garbage-first heap   total 8192K, used 4096K [0x00000000c4a00000, 0x0000000100000000)
  region size 1024K, 3 young (3072K), 0 survivors (0K)
 Metaspace       used 2380K, capacity 5984K, committed 6016K, reserved 1056768K
  class space    used 278K, capacity 638K, committed 640K, reserved 1048576K
}
Event: 0.411 GC heap after
{Heap after GC invocations=1 (full 0):
 garbage-first heap   total 8192K, used 2123K [0x00000000c4a00000, 0x0000000100000000)
  region size 1024K, 1 young (1024K), 1 survivors (1024K)
 Metaspace       used 2380K, capacity 5984K, committed 6016K, reserved 1056768K
  class space    used 278K, capacity 638K, committed 640K, reserved 1048576K
}
Event: 0.482 GC heap before
{Heap before GC invocations=1 (full 0):
 garbage-first heap   total 8192K, used 3147K [0x00000000c4a00000, 0x0000000100000000)
  region size 1024K, 2 young (2048K), 1 survivors (1024K)
 Metaspace       used 2920K, capacity 6311K, committed 6400K, reserved 1056768K
  class space    used 364K, capacity 686K, committed 768K, reserved 1048576K
}
Event: 0.486 GC heap after
{Heap after GC invocations=2 (full 0):
 garbage-first heap   total 8192K, used 1273K [0x00000000c4a00000, 0x0000000100000000)
  region size 1024K, 1 young (1024K), 1 survivors (1024K)
 Metaspace       used 2920K, capacity 6311K, committed 6400K, reserved 1056768K
  class space    used 364K, capacity 686K, committed 768K, reserved 1048576K
}
Event: 0.568 GC heap before
{Heap before GC invocations=2 (full 0):
 garbage-first heap   total 8192K, used 2297K [0x00000000c4a00000, 0x0000000100000000)
  region size 1024K, 2 young (2048K), 1 survivors (1024K)
 Metaspace       used 4604K, capacity 8029K, committed 8192K, reserved 1056768K
  class space    used 575K, capacity 918K, committed 1024K, reserved 1048576K
}
Event: 0.570 GC heap after
{Heap after GC invocations=3 (full 0):
 garbage-first heap   total 8192K, used 1731K [0x00000000c4a00000, 0x0000000100000000)
  region size 1024K, 1 young (1024K), 1 survivors (1024K)
 Metaspace       used 4604K, capacity 8029K, committed 8192K, reserved 1056768K
  class space    used 575K, capacity 918K, committed 1024K, reserved 1048576K
}
Event: 0.643 GC heap before
{Heap before GC invocations=3 (full 0):
 garbage-first heap   total 8192K, used 2755K [0x00000000c4a00000, 0x0000000100000000)
  region size 1024K, 2 young (2048K), 1 survivors (1024K)
 Metaspace       used 6185K, capacity 9604K, committed 9856K, reserved 1058816K
  class space    used 755K, capacity 1105K, committed 1152K, reserved 1048576K
}
Event: 0.646 GC heap after
{Heap after GC invocations=4 (full 0):
 garbage-first heap   total 8192K, used 2096K [0x00000000c4a00000, 0x0000000100000000)
  region size 1024K, 1 young (1024K), 1 survivors (1024K)
 Metaspace       used 6185K, capacity 9604K, committed 9856K, reserved 1058816K
  class space    used 755K, capacity 1105K, committed 1152K, reserved 1048576K
}
Event: 0.707 GC heap before
{Heap before GC invocations=4 (full 0):
 garbage-first heap   total 8192K, used 3120K [0x00000000c4a00000, 0x0000000100000000)
  region size 1024K, 2 young (2048K), 1 survivors (1024K)
 Metaspace       used 7173K, capacity 10430K, committed 10752K, reserved 1058816K
  class space    used 888K, capacity 1210K, committed 1280K, reserved 1048576K
}
Event: 0.710 GC heap after
{Heap after GC invocations=5 (full 0):
 garbage-first heap   total 10240K, used 3600K [0x00000000c4a00000, 0x0000000100000000)
  region size 1024K, 1 young (1024K), 1 survivors (1024K)
 Metaspace       used 7173K, capacity 10430K, committed 10752K, reserved 1058816K
  class space    used 888K, capacity 1210K, committed 1280K, reserved 1048576K
}
Event: 0.859 GC heap before
{Heap before GC invocations=5 (full 0):
 garbage-first heap   total 10240K, used 5648K [0x00000000c4a00000, 0x0000000100000000)
  region size 1024K, 3 young (3072K), 1 survivors (1024K)
 Metaspace       used 8069K, capacity 11096K, committed 11392K, reserved 1062912K
  class space    used 974K, capacity 1305K, committed 1408K, reserved 1048576K
}
Event: 0.864 GC heap after
{Heap after GC invocations=6 (full 0):
 garbage-first heap   total 10240K, used 4458K [0x00000000c4a00000, 0x0000000100000000)
  region size 1024K, 1 young (1024K), 1 survivors (1024K)
 Metaspace       used 8069K, capacity 11096K, committed 11392K, reserved 1062912K
  class space    used 974K, capacity 1305K, committed 1408K, reserved 1048576K
}
Event: 0.906 GC heap before
{Heap before GC invocations=6 (full 0):
 garbage-first heap   total 10240K, used 5482K [0x00000000c4a00000, 0x0000000100000000)
  region size 1024K, 2 young (2048K), 1 survivors (1024K)
 Metaspace       used 8171K, capacity 11187K, committed 11392K, reserved 1062912K
  class space    used 984K, capacity 1314K, committed 1408K, reserved 1048576K
}
Event: 0.910 GC heap after
{Heap after GC invocations=7 (full 0):
 garbage-first heap   total 10240K, used 5007K [0x00000000c4a00000, 0x0000000100000000)
  region size 1024K, 1 young (1024K), 1 survivors (1024K)
 Metaspace       used 8171K, capacity 11187K, committed 11392K, reserved 1062912K
  class space    used 984K, capacity 1314K, committed 1408K, reserved 1048576K
}
Event: 0.999 GC heap before
{Heap before GC invocations=7 (full 0):
 garbage-first heap   total 10240K, used 6031K [0x00000000c4a00000, 0x0000000100000000)
  region size 1024K, 2 young (2048K), 1 survivors (1024K)
 Metaspace       used 8581K, capacity 11368K, committed 11648K, reserved 1062912K
  class space    used 1039K, capacity 1353K, committed 1408K, reserved 1048576K
}
Event: 1.003 GC heap after
{Heap after GC invocations=8 (full 0):
 garbage-first heap   total 10240K, used 5703K [0x00000000c4a00000, 0x0000000100000000)
  region size 1024K, 1 young (1024K), 1 survivors (1024K)
 Metaspace       used 8581K, capacity 11368K, committed 11648K, reserved 1062912K
  class space    used 1039K, capacity 1353K, committed 1408K, reserved 1048576K
}
Event: 1.072 GC heap before
{Heap before GC invocations=9 (full 0):
 garbage-first heap   total 12288K, used 6727K [0x00000000c4a00000, 0x0000000100000000)
  region size 1024K, 2 young (2048K), 1 survivors (1024K)
 Metaspace       used 8767K, capacity 11432K, committed 11648K, reserved 1062912K
  class space    used 1053K, capacity 1353K, committed 1408K, reserved 1048576K
}

