# JRE version: Java(TM) SE Runtime Environment (14.0.2+12) (build 14.0.2+12-46)
# Java VM: Java HotSpot(TM) 64-Bit Server VM (14.0.2+12-46, mixed mode, sharing, tiered, compressed oops, g1 gc, windows-amd64)
Heap:
 garbage-first heap   total 47104K, used 13891K [0x00000000c4a00000, 0x0000000100000000)
  region size 1024K, 1 young (1024K), 1 survivors (1024K)
 Metaspace       used 9386K, capacity 11827K, committed 12032K, reserved 1060864K
  class space    used 1104K, capacity 1419K, committed 1536K, reserved 1048576K
GC Heap History (20 events):
Event: 0.992 GC heap after
{Heap after GC invocations=7 (full 0):
 garbage-first heap   total 10240K, used 5152K [0x00000000c4a00000, 0x0000000100000000)
  region size 1024K, 1 young (1024K), 1 survivors (1024K)
 Metaspace       used 8180K, capacity 11251K, committed 11392K, reserved 1058816K
  class space    used 985K, capacity 1314K, committed 1408K, reserved 1048576K
}
Event: 1.045 GC heap before
{Heap before GC invocations=7 (full 0):
 garbage-first heap   total 10240K, used 6176K [0x00000000c4a00000, 0x0000000100000000)
  region size 1024K, 2 young (2048K), 1 survivors (1024K)
 Metaspace       used 8589K, capacity 11432K, committed 11648K, reserved 1058816K
  class space    used 1039K, capacity 1353K, committed 1408K, reserved 1048576K
}
Event: 1.048 GC heap after
{Heap after GC invocations=8 (full 0):
 garbage-first heap   total 10240K, used 5764K [0x00000000c4a00000, 0x0000000100000000)
  region size 1024K, 1 young (1024K), 1 survivors (1024K)
 Metaspace       used 8589K, capacity 11432K, committed 11648K, reserved 1058816K
  class space    used 1039K, capacity 1353K, committed 1408K, reserved 1048576K
}
Event: 1.120 GC heap before
{Heap before GC invocations=9 (full 0):
 garbage-first heap   total 12288K, used 6788K [0x00000000c4a00000, 0x0000000100000000)
  region size 1024K, 2 young (2048K), 1 survivors (1024K)
 Metaspace       used 8764K, capacity 11496K, committed 11648K, reserved 1058816K
  class space    used 1054K, capacity 1353K, committed 1408K, reserved 1048576K
}
Event: 1.123 GC heap after
{Heap after GC invocations=10 (full 0):
 garbage-first heap   total 16384K, used 6122K [0x00000000c4a00000, 0x0000000100000000)
  region size 1024K, 1 young (1024K), 1 survivors (1024K)
 Metaspace       used 8764K, capacity 11496K, committed 11648K, reserved 1058816K
  class space    used 1054K, capacity 1353K, committed 1408K, reserved 1048576K
}
Event: 1.162 GC heap before
{Heap before GC invocations=10 (full 0):
 garbage-first heap   total 16384K, used 9194K [0x00000000c4a00000, 0x0000000100000000)
  region size 1024K, 3 young (3072K), 1 survivors (1024K)
 Metaspace       used 8786K, capacity 11496K, committed 11648K, reserved 1058816K
  class space    used 1054K, capacity 1353K, committed 1408K, reserved 1048576K
}
Event: 1.166 GC heap after
{Heap after GC invocations=11 (full 0):
 garbage-first heap   total 16384K, used 8612K [0x00000000c4a00000, 0x0000000100000000)
  region size 1024K, 1 young (1024K), 1 survivors (1024K)
 Metaspace       used 8786K, capacity 11496K, committed 11648K, reserved 1058816K
  class space    used 1054K, capacity 1353K, committed 1408K, reserved 1048576K
}
Event: 1.176 GC heap before
{Heap before GC invocations=11 (full 0):
 garbage-first heap   total 16384K, used 9636K [0x00000000c4a00000, 0x0000000100000000)
  region size 1024K, 2 young (2048K), 1 survivors (1024K)
 Metaspace       used 8789K, capacity 11496K, committed 11648K, reserved 1058816K
  class space    used 1054K, capacity 1353K, committed 1408K, reserved 1048576K
}
Event: 1.181 GC heap after
{Heap after GC invocations=12 (full 0):
 garbage-first heap   total 16384K, used 8970K [0x00000000c4a00000, 0x0000000100000000)
  region size 1024K, 1 young (1024K), 1 survivors (1024K)
 Metaspace       used 8789K, capacity 11496K, committed 11648K, reserved 1058816K
  class space    used 1054K, capacity 1353K, committed 1408K, reserved 1048576K
}
Event: 1.201 GC heap before
{Heap before GC invocations=12 (full 0):
 garbage-first heap   total 19456K, used 9994K [0x00000000c4a00000, 0x0000000100000000)
  region size 1024K, 2 young (2048K), 1 survivors (1024K)
 Metaspace       used 8796K, capacity 11496K, committed 11648K, reserved 1058816K
  class space    used 1054K, capacity 1353K, committed 1408K, reserved 1048576K
}
Event: 1.203 GC heap after
{Heap after GC invocations=13 (full 0):
 garbage-first heap   total 19456K, used 8936K [0x00000000c4a00000, 0x0000000100000000)
  region size 1024K, 1 young (1024K), 1 survivors (1024K)
 Metaspace       used 8796K, capacity 11496K, committed 11648K, reserved 1058816K
  class space    used 1054K, capacity 1353K, committed 1408K, reserved 1048576K
}
Event: 1.231 GC heap before
{Heap before GC invocations=14 (full 0):
 garbage-first heap   total 19456K, used 12008K [0x00000000c4a00000, 0x0000000100000000)
  region size 1024K, 4 young (4096K), 1 survivors (1024K)
 Metaspace       used 8810K, capacity 11496K, committed 11648K, reserved 1058816K
  class space    used 1055K, capacity 1353K, committed 1408K, reserved 1048576K
}
Event: 1.232 GC heap after
{Heap after GC invocations=15 (full 0):
 garbage-first heap   total 26624K, used 9004K [0x00000000c4a00000, 0x0000000100000000)
  region size 1024K, 1 young (1024K), 1 survivors (1024K)
 Metaspace       used 8810K, capacity 11496K, committed 11648K, reserved 1058816K
  class space    used 1055K, capacity 1353K, committed 1408K, reserved 1048576K
}
Event: 1.491 GC heap before
{Heap before GC invocations=15 (full 0):
 garbage-first heap   total 26624K, used 15148K [0x00000000c4a00000, 0x0000000100000000)
  region size 1024K, 7 young (7168K), 1 survivors (1024K)
 Metaspace       used 9057K, capacity 11538K, committed 11648K, reserved 1058816K
  class space    used 1074K, capacity 1367K, committed 1408K, reserved 1048576K
}
Event: 1.497 GC heap after
{Heap after GC invocations=16 (full 0):
 garbage-first heap   total 26624K, used 10092K [0x00000000c4a00000, 0x0000000100000000)
  region size 1024K, 1 young (1024K), 1 survivors (1024K)
 Metaspace       used 9057K, capacity 11538K, committed 11648K, reserved 1058816K
  class space    used 1074K, capacity 1367K, committed 1408K, reserved 1048576K
}
Event: 1.614 GC heap before
{Heap before GC invocations=16 (full 0):
 garbage-first heap   total 26624K, used 16236K [0x00000000c4a00000, 0x0000000100000000)
  region size 1024K, 7 young (7168K), 1 survivors (1024K)
 Metaspace       used 9271K, capacity 11704K, committed 11904K, reserved 1060864K
  class space    used 1094K, capacity 1379K, committed 1408K, reserved 1048576K
}
Event: 1.620 GC heap after
{Heap after GC invocations=17 (full 0):
 garbage-first heap   total 26624K, used 11135K [0x00000000c4a00000, 0x0000000100000000)
  region size 1024K, 1 young (1024K), 1 survivors (1024K)
 Metaspace       used 9271K, capacity 11704K, committed 11904K, reserved 1060864K
  class space    used 1094K, capacity 1379K, committed 1408K, reserved 1048576K
}
Event: 1.685 GC heap before
{Heap before GC invocations=17 (full 0):
 garbage-first heap   total 26624K, used 16255K [0x00000000c4a00000, 0x0000000100000000)
  region size 1024K, 7 young (7168K), 1 survivors (1024K)
 Metaspace       used 9372K, capacity 11821K, committed 12032K, reserved 1060864K
  class space    used 1103K, capacity 1417K, committed 1536K, reserved 1048576K
}
Event: 1.692 GC heap after
{Heap after GC invocations=18 (full 0):
 garbage-first heap   total 26624K, used 12523K [0x00000000c4a00000, 0x0000000100000000)
  region size 1024K, 1 young (1024K), 1 survivors (1024K)
 Metaspace       used 9372K, capacity 11821K, committed 12032K, reserved 1060864K
  class space    used 1103K, capacity 1417K, committed 1536K, reserved 1048576K
}
Event: 1.717 GC heap before
{Heap before GC invocations=18 (full 0):
 garbage-first heap   total 26624K, used 17643K [0x00000000c4a00000, 0x0000000100000000)
  region size 1024K, 6 young (6144K), 1 survivors (1024K)
 Metaspace       used 9386K, capacity 11827K, committed 12032K, reserved 1060864K
  class space    used 1104K, capacity 1419K, committed 1536K, reserved 1048576K
}

