# JRE version: Java(TM) SE Runtime Environment (14.0.2+12) (build 14.0.2+12-46)
# Java VM: Java HotSpot(TM) 64-Bit Server VM (14.0.2+12-46, mixed mode, sharing, tiered, compressed oops, g1 gc, windows-amd64)
Heap:
 garbage-first heap   total 40960K, used 11777K [0x00000000c4a00000, 0x0000000100000000)
  region size 1024K, 1 young (1024K), 1 survivors (1024K)
 Metaspace       used 9406K, capacity 11819K, committed 12032K, reserved 1060864K
  class space    used 1103K, capacity 1417K, committed 1536K, reserved 1048576K
GC Heap History (20 events):
Event: 1.114 GC heap after
{Heap after GC invocations=8 (full 0):
 garbage-first heap   total 10240K, used 4887K [0x00000000c4a00000, 0x0000000100000000)
  region size 1024K, 1 young (1024K), 1 survivors (1024K)
 Metaspace       used 8240K, capacity 11226K, committed 11392K, reserved 1058816K
  class space    used 980K, capacity 1305K, committed 1408K, reserved 1048576K
}
Event: 1.188 GC heap before
{Heap before GC invocations=9 (full 0):
 garbage-first heap   total 12288K, used 5911K [0x00000000c4a00000, 0x0000000100000000)
  region size 1024K, 2 young (2048K), 1 survivors (1024K)
 Metaspace       used 8590K, capacity 11432K, committed 11648K, reserved 1058816K
  class space    used 1026K, capacity 1353K, committed 1408K, reserved 1048576K
}
Event: 1.194 GC heap after
{Heap after GC invocations=10 (full 0):
 garbage-first heap   total 12288K, used 5430K [0x00000000c4a00000, 0x0000000100000000)
  region size 1024K, 1 young (1024K), 1 survivors (1024K)
 Metaspace       used 8590K, capacity 11432K, committed 11648K, reserved 1058816K
  class space    used 1026K, capacity 1353K, committed 1408K, reserved 1048576K
}
Event: 1.272 GC heap before
{Heap before GC invocations=10 (full 0):
 garbage-first heap   total 12288K, used 6454K [0x00000000c4a00000, 0x0000000100000000)
  region size 1024K, 2 young (2048K), 1 survivors (1024K)
 Metaspace       used 8816K, capacity 11497K, committed 11648K, reserved 1058816K
  class space    used 1053K, capacity 1353K, committed 1408K, reserved 1048576K
}
Event: 1.275 GC heap after
{Heap after GC invocations=11 (full 0):
 garbage-first heap   total 16384K, used 5900K [0x00000000c4a00000, 0x0000000100000000)
  region size 1024K, 1 young (1024K), 1 survivors (1024K)
 Metaspace       used 8816K, capacity 11497K, committed 11648K, reserved 1058816K
  class space    used 1053K, capacity 1353K, committed 1408K, reserved 1048576K
}
Event: 1.350 GC heap before
{Heap before GC invocations=11 (full 0):
 garbage-first heap   total 16384K, used 8972K [0x00000000c4a00000, 0x0000000100000000)
  region size 1024K, 3 young (3072K), 1 survivors (1024K)
 Metaspace       used 8857K, capacity 11497K, committed 11648K, reserved 1058816K
  class space    used 1054K, capacity 1353K, committed 1408K, reserved 1048576K
}
Event: 1.355 GC heap after
{Heap after GC invocations=12 (full 0):
 garbage-first heap   total 16384K, used 8192K [0x00000000c4a00000, 0x0000000100000000)
  region size 1024K, 1 young (1024K), 1 survivors (1024K)
 Metaspace       used 8857K, capacity 11497K, committed 11648K, reserved 1058816K
  class space    used 1054K, capacity 1353K, committed 1408K, reserved 1048576K
}
Event: 1.384 GC heap before
{Heap before GC invocations=12 (full 0):
 garbage-first heap   total 16384K, used 10240K [0x00000000c4a00000, 0x0000000100000000)
  region size 1024K, 3 young (3072K), 1 survivors (1024K)
 Metaspace       used 8873K, capacity 11497K, committed 11648K, reserved 1058816K
  class space    used 1054K, capacity 1353K, committed 1408K, reserved 1048576K
}
Event: 1.388 GC heap after
{Heap after GC invocations=13 (full 0):
 garbage-first heap   total 16384K, used 8873K [0x00000000c4a00000, 0x0000000100000000)
  region size 1024K, 1 young (1024K), 1 survivors (1024K)
 Metaspace       used 8873K, capacity 11497K, committed 11648K, reserved 1058816K
  class space    used 1054K, capacity 1353K, committed 1408K, reserved 1048576K
}
Event: 1.412 GC heap before
{Heap before GC invocations=13 (full 0):
 garbage-first heap   total 16384K, used 9897K [0x00000000c4a00000, 0x0000000100000000)
  region size 1024K, 2 young (2048K), 1 survivors (1024K)
 Metaspace       used 8878K, capacity 11497K, committed 11648K, reserved 1058816K
  class space    used 1054K, capacity 1353K, committed 1408K, reserved 1048576K
}
Event: 1.415 GC heap after
{Heap after GC invocations=14 (full 0):
 garbage-first heap   total 16384K, used 8821K [0x00000000c4a00000, 0x0000000100000000)
  region size 1024K, 1 young (1024K), 1 survivors (1024K)
 Metaspace       used 8878K, capacity 11497K, committed 11648K, reserved 1058816K
  class space    used 1054K, capacity 1353K, committed 1408K, reserved 1048576K
}
Event: 1.425 GC heap before
{Heap before GC invocations=14 (full 0):
 garbage-first heap   total 16384K, used 9845K [0x00000000c4a00000, 0x0000000100000000)
  region size 1024K, 2 young (2048K), 1 survivors (1024K)
 Metaspace       used 8878K, capacity 11497K, committed 11648K, reserved 1058816K
  class space    used 1054K, capacity 1353K, committed 1408K, reserved 1048576K
}
Event: 1.427 GC heap after
{Heap after GC invocations=15 (full 0):
 garbage-first heap   total 22528K, used 8885K [0x00000000c4a00000, 0x0000000100000000)
  region size 1024K, 1 young (1024K), 1 survivors (1024K)
 Metaspace       used 8878K, capacity 11497K, committed 11648K, reserved 1058816K
  class space    used 1054K, capacity 1353K, committed 1408K, reserved 1048576K
}
Event: 1.527 GC heap before
{Heap before GC invocations=16 (full 0):
 garbage-first heap   total 22528K, used 11957K [0x00000000c4a00000, 0x0000000100000000)
  region size 1024K, 5 young (5120K), 1 survivors (1024K)
 Metaspace       used 8908K, capacity 11504K, committed 11648K, reserved 1058816K
  class space    used 1056K, capacity 1355K, committed 1408K, reserved 1048576K
}
Event: 1.532 GC heap after
{Heap after GC invocations=17 (full 0):
 garbage-first heap   total 22528K, used 9634K [0x00000000c4a00000, 0x0000000100000000)
  region size 1024K, 1 young (1024K), 1 survivors (1024K)
 Metaspace       used 8908K, capacity 11504K, committed 11648K, reserved 1058816K
  class space    used 1056K, capacity 1355K, committed 1408K, reserved 1048576K
}
Event: 1.701 GC heap before
{Heap before GC invocations=17 (full 0):
 garbage-first heap   total 22528K, used 15778K [0x00000000c4a00000, 0x0000000100000000)
  region size 1024K, 7 young (7168K), 1 survivors (1024K)
 Metaspace       used 9199K, capacity 11621K, committed 11904K, reserved 1060864K
  class space    used 1080K, capacity 1372K, committed 1408K, reserved 1048576K
}
Event: 1.706 GC heap after
{Heap after GC invocations=18 (full 0):
 garbage-first heap   total 22528K, used 10328K [0x00000000c4a00000, 0x0000000100000000)
  region size 1024K, 1 young (1024K), 1 survivors (1024K)
 Metaspace       used 9199K, capacity 11621K, committed 11904K, reserved 1060864K
  class space    used 1080K, capacity 1372K, committed 1408K, reserved 1048576K
}
Event: 1.746 GC heap before
{Heap before GC invocations=18 (full 0):
 garbage-first heap   total 22528K, used 14424K [0x00000000c4a00000, 0x0000000100000000)
  region size 1024K, 5 young (5120K), 1 survivors (1024K)
 Metaspace       used 9330K, capacity 11766K, committed 11904K, reserved 1060864K
  class space    used 1091K, capacity 1378K, committed 1408K, reserved 1048576K
}
Event: 1.750 GC heap after
{Heap after GC invocations=19 (full 0):
 garbage-first heap   total 22528K, used 11096K [0x00000000c4a00000, 0x0000000100000000)
  region size 1024K, 1 young (1024K), 1 survivors (1024K)
 Metaspace       used 9330K, capacity 11766K, committed 11904K, reserved 1060864K
  class space    used 1091K, capacity 1378K, committed 1408K, reserved 1048576K
}
Event: 1.802 GC heap before
{Heap before GC invocations=20 (full 0):
 garbage-first heap   total 25600K, used 15192K [0x00000000c4a00000, 0x0000000100000000)
  region size 1024K, 5 young (5120K), 1 survivors (1024K)
 Metaspace       used 9406K, capacity 11819K, committed 12032K, reserved 1060864K
  class space    used 1103K, capacity 1417K, committed 1536K, reserved 1048576K
}

