# JRE version: Java(TM) SE Runtime Environment (14.0.2+12) (build 14.0.2+12-46)
# Java VM: Java HotSpot(TM) 64-Bit Server VM (14.0.2+12-46, mixed mode, sharing, tiered, compressed oops, g1 gc, windows-amd64)
Heap:
 garbage-first heap   total 24576K, used 8826K [0x00000000c4a00000, 0x0000000100000000)
  region size 1024K, 1 young (1024K), 1 survivors (1024K)
 Metaspace       used 8855K, capacity 11496K, committed 11648K, reserved 1058816K
  class space    used 1054K, capacity 1353K, committed 1408K, reserved 1048576K
GC Heap History (20 events):
Event: 0.690 GC heap after
{Heap after GC invocations=3 (full 0):
 garbage-first heap   total 8192K, used 1711K [0x00000000c4a00000, 0x0000000100000000)
  region size 1024K, 1 young (1024K), 1 survivors (1024K)
 Metaspace       used 4577K, capacity 7933K, committed 8064K, reserved 1056768K
  class space    used 570K, capacity 886K, committed 896K, reserved 1048576K
}
Event: 0.778 GC heap before
{Heap before GC invocations=3 (full 0):
 garbage-first heap   total 8192K, used 1711K [0x00000000c4a00000, 0x0000000100000000)
  region size 1024K, 2 young (2048K), 1 survivors (1024K)
 Metaspace       used 6182K, capacity 9604K, committed 9856K, reserved 1058816K
  class space    used 753K, capacity 1105K, committed 1152K, reserved 1048576K
}
Event: 0.780 GC heap after
{Heap after GC invocations=4 (full 0):
 garbage-first heap   total 8192K, used 2073K [0x00000000c4a00000, 0x0000000100000000)
  region size 1024K, 1 young (1024K), 1 survivors (1024K)
 Metaspace       used 6182K, capacity 9604K, committed 9856K, reserved 1058816K
  class space    used 753K, capacity 1105K, committed 1152K, reserved 1048576K
}
Event: 0.845 GC heap before
{Heap before GC invocations=4 (full 0):
 garbage-first heap   total 8192K, used 2073K [0x00000000c4a00000, 0x0000000100000000)
  region size 1024K, 2 young (2048K), 1 survivors (1024K)
 Metaspace       used 7170K, capacity 10430K, committed 10752K, reserved 1058816K
  class space    used 888K, capacity 1210K, committed 1280K, reserved 1048576K
}
Event: 0.848 GC heap after
{Heap after GC invocations=5 (full 0):
 garbage-first heap   total 10240K, used 2485K [0x00000000c4a00000, 0x0000000100000000)
  region size 1024K, 1 young (1024K), 1 survivors (1024K)
 Metaspace       used 7170K, capacity 10430K, committed 10752K, reserved 1058816K
  class space    used 888K, capacity 1210K, committed 1280K, reserved 1048576K
}
Event: 0.992 GC heap before
{Heap before GC invocations=5 (full 0):
 garbage-first heap   total 10240K, used 5557K [0x00000000c4a00000, 0x0000000100000000)
  region size 1024K, 3 young (3072K), 1 survivors (1024K)
 Metaspace       used 8096K, capacity 11139K, committed 11392K, reserved 1058816K
  class space    used 966K, capacity 1298K, committed 1408K, reserved 1048576K
}
Event: 0.996 GC heap after
{Heap after GC invocations=6 (full 0):
 garbage-first heap   total 10240K, used 4304K [0x00000000c4a00000, 0x0000000100000000)
  region size 1024K, 1 young (1024K), 1 survivors (1024K)
 Metaspace       used 8096K, capacity 11139K, committed 11392K, reserved 1058816K
  class space    used 966K, capacity 1298K, committed 1408K, reserved 1048576K
}
Event: 1.036 GC heap before
{Heap before GC invocations=6 (full 0):
 garbage-first heap   total 10240K, used 5328K [0x00000000c4a00000, 0x0000000100000000)
  region size 1024K, 2 young (2048K), 1 survivors (1024K)
 Metaspace       used 8218K, capacity 11225K, committed 11392K, reserved 1058816K
  class space    used 980K, capacity 1305K, committed 1408K, reserved 1048576K
}
Event: 1.040 GC heap after
{Heap after GC invocations=7 (full 0):
 garbage-first heap   total 10240K, used 4933K [0x00000000c4a00000, 0x0000000100000000)
  region size 1024K, 1 young (1024K), 1 survivors (1024K)
 Metaspace       used 8218K, capacity 11225K, committed 11392K, reserved 1058816K
  class space    used 980K, capacity 1305K, committed 1408K, reserved 1048576K
}
Event: 1.102 GC heap before
{Heap before GC invocations=7 (full 0):
 garbage-first heap   total 10240K, used 5957K [0x00000000c4a00000, 0x0000000100000000)
  region size 1024K, 2 young (2048K), 1 survivors (1024K)
 Metaspace       used 8606K, capacity 11432K, committed 11648K, reserved 1058816K
  class space    used 1030K, capacity 1353K, committed 1408K, reserved 1048576K
}
Event: 1.107 GC heap after
{Heap after GC invocations=8 (full 0):
 garbage-first heap   total 10240K, used 5478K [0x00000000c4a00000, 0x0000000100000000)
  region size 1024K, 1 young (1024K), 1 survivors (1024K)
 Metaspace       used 8606K, capacity 11432K, committed 11648K, reserved 1058816K
  class space    used 1030K, capacity 1353K, committed 1408K, reserved 1048576K
}
Event: 1.486 GC heap before
{Heap before GC invocations=9 (full 0):
 garbage-first heap   total 12288K, used 6502K [0x00000000c4a00000, 0x0000000100000000)
  region size 1024K, 2 young (2048K), 1 survivors (1024K)
 Metaspace       used 8805K, capacity 11496K, committed 11648K, reserved 1058816K
  class space    used 1053K, capacity 1353K, committed 1408K, reserved 1048576K
}
Event: 1.489 GC heap after
{Heap after GC invocations=10 (full 0):
 garbage-first heap   total 16384K, used 5912K [0x00000000c4a00000, 0x0000000100000000)
  region size 1024K, 1 young (1024K), 1 survivors (1024K)
 Metaspace       used 8805K, capacity 11496K, committed 11648K, reserved 1058816K
  class space    used 1053K, capacity 1353K, committed 1408K, reserved 1048576K
}
Event: 1.551 GC heap before
{Heap before GC invocations=10 (full 0):
 garbage-first heap   total 16384K, used 7960K [0x00000000c4a00000, 0x0000000100000000)
  region size 1024K, 3 young (3072K), 1 survivors (1024K)
 Metaspace       used 8841K, capacity 11496K, committed 11648K, reserved 1058816K
  class space    used 1054K, capacity 1353K, committed 1408K, reserved 1048576K
}
Event: 1.555 GC heap after
{Heap after GC invocations=11 (full 0):
 garbage-first heap   total 16384K, used 8278K [0x00000000c4a00000, 0x0000000100000000)
  region size 1024K, 1 young (1024K), 1 survivors (1024K)
 Metaspace       used 8841K, capacity 11496K, committed 11648K, reserved 1058816K
  class space    used 1054K, capacity 1353K, committed 1408K, reserved 1048576K
}
Event: 1.569 GC heap before
{Heap before GC invocations=11 (full 0):
 garbage-first heap   total 16384K, used 9302K [0x00000000c4a00000, 0x0000000100000000)
  region size 1024K, 2 young (2048K), 1 survivors (1024K)
 Metaspace       used 8842K, capacity 11496K, committed 11648K, reserved 1058816K
  class space    used 1054K, capacity 1353K, committed 1408K, reserved 1048576K
}
Event: 1.573 GC heap after
{Heap after GC invocations=12 (full 0):
 garbage-first heap   total 16384K, used 8775K [0x00000000c4a00000, 0x0000000100000000)
  region size 1024K, 1 young (1024K), 1 survivors (1024K)
 Metaspace       used 8842K, capacity 11496K, committed 11648K, reserved 1058816K
  class space    used 1054K, capacity 1353K, committed 1408K, reserved 1048576K
}
Event: 1.589 GC heap before
{Heap before GC invocations=12 (full 0):
 garbage-first heap   total 16384K, used 9799K [0x00000000c4a00000, 0x0000000100000000)
  region size 1024K, 2 young (2048K), 1 survivors (1024K)
 Metaspace       used 8853K, capacity 11496K, committed 11648K, reserved 1058816K
  class space    used 1054K, capacity 1353K, committed 1408K, reserved 1048576K
}
Event: 1.591 GC heap after
{Heap after GC invocations=13 (full 0):
 garbage-first heap   total 16384K, used 8769K [0x00000000c4a00000, 0x0000000100000000)
  region size 1024K, 1 young (1024K), 1 survivors (1024K)
 Metaspace       used 8853K, capacity 11496K, committed 11648K, reserved 1058816K
  class space    used 1054K, capacity 1353K, committed 1408K, reserved 1048576K
}
Event: 1.605 GC heap before
{Heap before GC invocations=14 (full 0):
 garbage-first heap   total 19456K, used 9793K [0x00000000c4a00000, 0x0000000100000000)
  region size 1024K, 2 young (2048K), 1 survivors (1024K)
 Metaspace       used 8855K, capacity 11496K, committed 11648K, reserved 1058816K
  class space    used 1054K, capacity 1353K, committed 1408K, reserved 1048576K
}

