# JRE version: Java(TM) SE Runtime Environment (14.0.2+12) (build 14.0.2+12-46)
# Java VM: Java HotSpot(TM) 64-Bit Server VM (14.0.2+12-46, mixed mode, sharing, tiered, compressed oops, g1 gc, windows-amd64)
Heap:
 garbage-first heap   total 57344K, used 14175K [0x00000000c4a00000, 0x0000000100000000)
  region size 1024K, 1 young (1024K), 1 survivors (1024K)
 Metaspace       used 9874K, capacity 12195K, committed 12544K, reserved 1060864K
  class space    used 1152K, capacity 1434K, committed 1536K, reserved 1048576K
GC Heap History (20 events):
Event: 2.613 GC heap after
{Heap after GC invocations=10 (full 0):
 garbage-first heap   total 12288K, used 5439K [0x00000000c4a00000, 0x0000000100000000)
  region size 1024K, 1 young (1024K), 1 survivors (1024K)
 Metaspace       used 8567K, capacity 11431K, committed 11648K, reserved 1058816K
  class space    used 1026K, capacity 1353K, committed 1408K, reserved 1048576K
}
Event: 2.656 GC heap before
{Heap before GC invocations=10 (full 0):
 garbage-first heap   total 12288K, used 6463K [0x00000000c4a00000, 0x0000000100000000)
  region size 1024K, 2 young (2048K), 1 survivors (1024K)
 Metaspace       used 8789K, capacity 11496K, committed 11648K, reserved 1058816K
  class space    used 1053K, capacity 1353K, committed 1408K, reserved 1048576K
}
Event: 2.659 GC heap after
{Heap after GC invocations=11 (full 0):
 garbage-first heap   total 12288K, used 5909K [0x00000000c4a00000, 0x0000000100000000)
  region size 1024K, 1 young (1024K), 1 survivors (1024K)
 Metaspace       used 8789K, capacity 11496K, committed 11648K, reserved 1058816K
  class space    used 1053K, capacity 1353K, committed 1408K, reserved 1048576K
}
Event: 2.703 GC heap before
{Heap before GC invocations=11 (full 0):
 garbage-first heap   total 12288K, used 5909K [0x00000000c4a00000, 0x0000000100000000)
  region size 1024K, 2 young (2048K), 1 survivors (1024K)
 Metaspace       used 8829K, capacity 11496K, committed 11648K, reserved 1058816K
  class space    used 1054K, capacity 1353K, committed 1408K, reserved 1048576K
}
Event: 2.705 GC heap after
{Heap after GC invocations=12 (full 0):
 garbage-first heap   total 15360K, used 6146K [0x00000000c4a00000, 0x0000000100000000)
  region size 1024K, 1 young (1024K), 1 survivors (1024K)
 Metaspace       used 8829K, capacity 11496K, committed 11648K, reserved 1058816K
  class space    used 1054K, capacity 1353K, committed 1408K, reserved 1048576K
}
Event: 2.732 GC heap before
{Heap before GC invocations=13 (full 0):
 garbage-first heap   total 17408K, used 9218K [0x00000000c4a00000, 0x0000000100000000)
  region size 1024K, 3 young (3072K), 1 survivors (1024K)
 Metaspace       used 8831K, capacity 11496K, committed 11648K, reserved 1058816K
  class space    used 1054K, capacity 1353K, committed 1408K, reserved 1048576K
}
Event: 2.738 GC heap after
{Heap after GC invocations=14 (full 0):
 garbage-first heap   total 17408K, used 8644K [0x00000000c4a00000, 0x0000000100000000)
  region size 1024K, 1 young (1024K), 1 survivors (1024K)
 Metaspace       used 8831K, capacity 11496K, committed 11648K, reserved 1058816K
  class space    used 1054K, capacity 1353K, committed 1408K, reserved 1048576K
}
Event: 2.752 GC heap before
{Heap before GC invocations=14 (full 0):
 garbage-first heap   total 17408K, used 9668K [0x00000000c4a00000, 0x0000000100000000)
  region size 1024K, 2 young (2048K), 1 survivors (1024K)
 Metaspace       used 8842K, capacity 11496K, committed 11648K, reserved 1058816K
  class space    used 1054K, capacity 1353K, committed 1408K, reserved 1048576K
}
Event: 2.755 GC heap after
{Heap after GC invocations=15 (full 0):
 garbage-first heap   total 17408K, used 8899K [0x00000000c4a00000, 0x0000000100000000)
  region size 1024K, 1 young (1024K), 1 survivors (1024K)
 Metaspace       used 8842K, capacity 11496K, committed 11648K, reserved 1058816K
  class space    used 1054K, capacity 1353K, committed 1408K, reserved 1048576K
}
Event: 2.773 GC heap before
{Heap before GC invocations=15 (full 0):
 garbage-first heap   total 17408K, used 9923K [0x00000000c4a00000, 0x0000000100000000)
  region size 1024K, 2 young (2048K), 1 survivors (1024K)
 Metaspace       used 8851K, capacity 11496K, committed 11648K, reserved 1058816K
  class space    used 1055K, capacity 1353K, committed 1408K, reserved 1048576K
}
Event: 2.773 GC heap after
{Heap after GC invocations=16 (full 0):
 garbage-first heap   total 17408K, used 8802K [0x00000000c4a00000, 0x0000000100000000)
  region size 1024K, 1 young (1024K), 1 survivors (1024K)
 Metaspace       used 8851K, capacity 11496K, committed 11648K, reserved 1058816K
  class space    used 1055K, capacity 1353K, committed 1408K, reserved 1048576K
}
Event: 2.789 GC heap before
{Heap before GC invocations=17 (full 0):
 garbage-first heap   total 19456K, used 9826K [0x00000000c4a00000, 0x0000000100000000)
  region size 1024K, 2 young (2048K), 1 survivors (1024K)
 Metaspace       used 8857K, capacity 11496K, committed 11648K, reserved 1058816K
  class space    used 1055K, capacity 1353K, committed 1408K, reserved 1048576K
}
Event: 2.790 GC heap after
{Heap after GC invocations=18 (full 0):
 garbage-first heap   total 28672K, used 8839K [0x00000000c4a00000, 0x0000000100000000)
  region size 1024K, 1 young (1024K), 1 survivors (1024K)
 Metaspace       used 8857K, capacity 11496K, committed 11648K, reserved 1058816K
  class space    used 1055K, capacity 1353K, committed 1408K, reserved 1048576K
}
Event: 3.029 GC heap before
{Heap before GC invocations=18 (full 0):
 garbage-first heap   total 28672K, used 16007K [0x00000000c4a00000, 0x0000000100000000)
  region size 1024K, 8 young (8192K), 1 survivors (1024K)
 Metaspace       used 9108K, capacity 11604K, committed 11648K, reserved 1058816K
  class space    used 1074K, capacity 1367K, committed 1408K, reserved 1048576K
}
Event: 3.034 GC heap after
{Heap after GC invocations=19 (full 0):
 garbage-first heap   total 28672K, used 9932K [0x00000000c4a00000, 0x0000000100000000)
  region size 1024K, 1 young (1024K), 1 survivors (1024K)
 Metaspace       used 9108K, capacity 11604K, committed 11648K, reserved 1058816K
  class space    used 1074K, capacity 1367K, committed 1408K, reserved 1048576K
}
Event: 3.166 GC heap before
{Heap before GC invocations=19 (full 0):
 garbage-first heap   total 28672K, used 19148K [0x00000000c4a00000, 0x0000000100000000)
  region size 1024K, 10 young (10240K), 1 survivors (1024K)
 Metaspace       used 9371K, capacity 11786K, committed 11904K, reserved 1060864K
  class space    used 1100K, capacity 1385K, committed 1408K, reserved 1048576K
}
Event: 3.174 GC heap after
{Heap after GC invocations=20 (full 0):
 garbage-first heap   total 28672K, used 11464K [0x00000000c4a00000, 0x0000000100000000)
  region size 1024K, 2 young (2048K), 2 survivors (2048K)
 Metaspace       used 9371K, capacity 11786K, committed 11904K, reserved 1060864K
  class space    used 1100K, capacity 1385K, committed 1408K, reserved 1048576K
}
Event: 3.231 GC heap before
{Heap before GC invocations=20 (full 0):
 garbage-first heap   total 28672K, used 17608K [0x00000000c4a00000, 0x0000000100000000)
  region size 1024K, 9 young (9216K), 2 survivors (2048K)
 Metaspace       used 9440K, capacity 11885K, committed 12032K, reserved 1060864K
  class space    used 1105K, capacity 1417K, committed 1536K, reserved 1048576K
}
Event: 3.242 GC heap after
{Heap after GC invocations=21 (full 0):
 garbage-first heap   total 28672K, used 13259K [0x00000000c4a00000, 0x0000000100000000)
  region size 1024K, 2 young (2048K), 2 survivors (2048K)
 Metaspace       used 9440K, capacity 11885K, committed 12032K, reserved 1060864K
  class space    used 1105K, capacity 1417K, committed 1536K, reserved 1048576K
}
Event: 3.340 GC heap before
{Heap before GC invocations=21 (full 0):
 garbage-first heap   total 28672K, used 19403K [0x00000000c4a00000, 0x0000000100000000)
  region size 1024K, 8 young (8192K), 2 survivors (2048K)
 Metaspace       used 9874K, capacity 12195K, committed 12544K, reserved 1060864K
  class space    used 1152K, capacity 1434K, committed 1536K, reserved 1048576K
}

